<?xml version="1.0" encoding="UTF-8"?>
<!-- Generated by org.testng.reporters.JUnitReportReporter -->
<testsuite skipped="0" hostname="LAPTOP-NLMRCDTF" name="testcases.TC001" tests="1" failures="0" timestamp="25 Jul 2020 19:12:02 GMT" time="8.278" errors="0">
  <testcase name="NewCustomer" time="8.278" classname="testcases.TC001"/>
</testsuite> <!-- testcases.TC001 -->
