<?xml version="1.0" encoding="UTF-8"?>
<!-- Generated by org.testng.reporters.JUnitReportReporter -->
<testsuite skipped="0" hostname="LAPTOP-NLMRCDTF" name="testcases.TC003" tests="4" failures="0" timestamp="31 Jul 2020 16:53:03 GMT" time="1.149" errors="0">
  <testcase name="name" time="0.092" classname="testcases.TC003"/>
  <testcase name="name" time="0.804" classname="testcases.TC003"/>
  <testcase name="name" time="0.103" classname="testcases.TC003"/>
  <testcase name="name" time="0.150" classname="testcases.TC003"/>
</testsuite> <!-- testcases.TC003 -->
