<?xml version="1.0" encoding="UTF-8"?>
<!-- Generated by org.testng.reporters.JUnitReportReporter -->
<testsuite skipped="0" hostname="LAPTOP-NLMRCDTF" name="testcases.TC002" tests="3" failures="0" timestamp="28 Jul 2020 15:11:41 GMT" time="0.583" errors="0">
  <testcase name="name" time="0.123" classname="testcases.TC002"/>
  <testcase name="name" time="0.341" classname="testcases.TC002"/>
  <testcase name="name" time="0.119" classname="testcases.TC002"/>
</testsuite> <!-- testcases.TC002 -->
